<<<<<<< HEAD
[11-Sep-2023 17:06:53] NOTICE: fpm is running, pid 3436
[11-Sep-2023 17:06:53] NOTICE: ready to handle connections
[11-Sep-2023 17:21:28] NOTICE: Terminating ...
[11-Sep-2023 17:21:28] NOTICE: Terminating ...
[11-Sep-2023 17:21:28] NOTICE: exiting, bye-bye!
[11-Sep-2023 17:21:30] NOTICE: fpm is running, pid 3729
[11-Sep-2023 17:21:30] NOTICE: ready to handle connections
[12-Sep-2023 15:14:56] NOTICE: Terminating ...
[12-Sep-2023 15:14:56] NOTICE: Terminating ...
[12-Sep-2023 15:14:56] NOTICE: exiting, bye-bye!
[12-Sep-2023 15:16:57] NOTICE: fpm is running, pid 1212
[12-Sep-2023 15:16:57] NOTICE: ready to handle connections
[12-Sep-2023 16:20:49] NOTICE: Terminating ...
[12-Sep-2023 16:20:49] NOTICE: Terminating ...
[12-Sep-2023 16:20:49] NOTICE: exiting, bye-bye!
[12-Sep-2023 16:20:51] NOTICE: fpm is running, pid 2961
[12-Sep-2023 16:20:51] NOTICE: ready to handle connections
[13-Sep-2023 14:12:02] NOTICE: Terminating ...
[13-Sep-2023 14:12:02] NOTICE: Terminating ...
[13-Sep-2023 14:12:02] NOTICE: exiting, bye-bye!
[13-Sep-2023 14:12:04] NOTICE: fpm is running, pid 8694
[13-Sep-2023 14:12:04] NOTICE: ready to handle connections
[13-Sep-2023 20:01:44] NOTICE: Terminating ...
[13-Sep-2023 20:01:44] NOTICE: Terminating ...
[13-Sep-2023 20:01:44] NOTICE: exiting, bye-bye!
[13-Sep-2023 20:01:46] NOTICE: fpm is running, pid 11631
[13-Sep-2023 20:01:46] NOTICE: ready to handle connections
[14-Sep-2023 03:41:37] NOTICE: Terminating ...
[14-Sep-2023 03:41:37] NOTICE: Terminating ...
[14-Sep-2023 03:41:37] NOTICE: exiting, bye-bye!
[14-Sep-2023 09:56:15] NOTICE: fpm is running, pid 13071
[14-Sep-2023 09:56:15] NOTICE: ready to handle connections
[18-Sep-2023 23:19:22] NOTICE: fpm is running, pid 35016
[18-Sep-2023 23:19:22] NOTICE: ready to handle connections
=======
[15-Sep-2023 16:14:43] NOTICE: fpm is running, pid 26238
[15-Sep-2023 16:14:43] NOTICE: ready to handle connections
[18-Sep-2023 00:27:05] NOTICE: Terminating ...
[18-Sep-2023 00:27:05] NOTICE: Terminating ...
[18-Sep-2023 00:27:05] NOTICE: exiting, bye-bye!
[18-Sep-2023 00:27:07] NOTICE: fpm is running, pid 31304
[18-Sep-2023 00:27:07] NOTICE: ready to handle connections
[18-Sep-2023 23:32:21] NOTICE: Terminating ...
[18-Sep-2023 23:32:21] NOTICE: Terminating ...
[18-Sep-2023 23:32:21] NOTICE: exiting, bye-bye!
[18-Sep-2023 23:32:24] NOTICE: fpm is running, pid 35511
[18-Sep-2023 23:32:24] NOTICE: ready to handle connections
[19-Sep-2023 14:29:38] NOTICE: Terminating ...
[19-Sep-2023 14:29:38] NOTICE: Terminating ...
[19-Sep-2023 14:29:38] NOTICE: exiting, bye-bye!
[19-Sep-2023 14:37:29] NOTICE: fpm is running, pid 1241
[19-Sep-2023 14:37:29] NOTICE: ready to handle connections
>>>>>>> e0eed471 (Remove submodule 'curriculum_for_ei')
